# JRE version: OpenJDK Runtime Environment (8.0_152-b01) (build 1.8.0_152-release-915-b01)
# Java VM: OpenJDK 64-Bit Server VM (25.152-b01 mixed mode linux-amd64 compressed oops)
Heap:
 PSYoungGen      total 190976K, used 117147K [0x00000000e0000000, 0x00000000f0f00000, 0x0000000100000000)
  eden space 170496K, 62% used [0x00000000e0000000,0x00000000e67ab7d0,0x00000000ea680000)
  from space 20480K, 53% used [0x00000000ea680000,0x00000000eb13b4d0,0x00000000eba80000)
  to   space 19456K, 0% used [0x00000000efc00000,0x00000000efc00000,0x00000000f0f00000)
 ParOldGen       total 128512K, used 45591K [0x00000000a0000000, 0x00000000a7d80000, 0x00000000e0000000)
  object space 128512K, 35% used [0x00000000a0000000,0x00000000a2c85ee8,0x00000000a7d80000)
 Metaspace       used 63742K, capacity 66812K, committed 66944K, reserved 1107968K
  class space    used 8483K, capacity 9254K, committed 9344K, reserved 1048576K
GC Heap History (10 events):
Event: 18,001 GC heap before
{Heap before GC invocations=14 (full 2):
 PSYoungGen      total 120320K, used 120309K [0x00000000e0000000, 0x00000000ea280000, 0x0000000100000000)
  eden space 108544K, 100% used [0x00000000e0000000,0x00000000e6a00000,0x00000000e6a00000)
  from space 11776K, 99% used [0x00000000e6a00000,0x00000000e757d618,0x00000000e7580000)
  to   space 13824K, 0% used [0x00000000e9500000,0x00000000e9500000,0x00000000ea280000)
 ParOldGen       total 82432K, used 17672K [0x00000000a0000000, 0x00000000a5080000, 0x00000000e0000000)
  object space 82432K, 21% used [0x00000000a0000000,0x00000000a1142238,0x00000000a5080000)
 Metaspace       used 53241K, capacity 55084K, committed 55168K, reserved 1097728K
  class space    used 7308K, capacity 7784K, committed 7808K, reserved 1048576K
Event: 18,053 GC heap after
Heap after GC invocations=14 (full 2):
 PSYoungGen      total 147968K, used 13792K [0x00000000e0000000, 0x00000000eac00000, 0x0000000100000000)
  eden space 134144K, 0% used [0x00000000e0000000,0x00000000e0000000,0x00000000e8300000)
  from space 13824K, 99% used [0x00000000e9500000,0x00000000ea278200,0x00000000ea280000)
  to   space 18432K, 0% used [0x00000000e8300000,0x00000000e8300000,0x00000000e9500000)
 ParOldGen       total 82432K, used 26119K [0x00000000a0000000, 0x00000000a5080000, 0x00000000e0000000)
  object space 82432K, 31% used [0x00000000a0000000,0x00000000a1981d80,0x00000000a5080000)
 Metaspace       used 53241K, capacity 55084K, committed 55168K, reserved 1097728K
  class space    used 7308K, capacity 7784K, committed 7808K, reserved 1048576K
}
Event: 21,943 GC heap before
{Heap before GC invocations=15 (full 2):
 PSYoungGen      total 147968K, used 147936K [0x00000000e0000000, 0x00000000eac00000, 0x0000000100000000)
  eden space 134144K, 100% used [0x00000000e0000000,0x00000000e8300000,0x00000000e8300000)
  from space 13824K, 99% used [0x00000000e9500000,0x00000000ea278200,0x00000000ea280000)
  to   space 18432K, 0% used [0x00000000e8300000,0x00000000e8300000,0x00000000e9500000)
 ParOldGen       total 82432K, used 26119K [0x00000000a0000000, 0x00000000a5080000, 0x00000000e0000000)
  object space 82432K, 31% used [0x00000000a0000000,0x00000000a1981d80,0x00000000a5080000)
 Metaspace       used 55988K, capacity 58374K, committed 58496K, reserved 1099776K
  class space    used 7680K, capacity 8299K, committed 8320K, reserved 1048576K
Event: 21,998 GC heap after
Heap after GC invocations=15 (full 2):
 PSYoungGen      total 152576K, used 14165K [0x00000000e0000000, 0x00000000ecd80000, 0x0000000100000000)
  eden space 134144K, 0% used [0x00000000e0000000,0x00000000e0000000,0x00000000e8300000)
  from space 18432K, 76% used [0x00000000e8300000,0x00000000e90d5700,0x00000000e9500000)
  to   space 19456K, 0% used [0x00000000eba80000,0x00000000eba80000,0x00000000ecd80000)
 ParOldGen       total 82432K, used 39837K [0x00000000a0000000, 0x00000000a5080000, 0x00000000e0000000)
  object space 82432K, 48% used [0x00000000a0000000,0x00000000a26e75e0,0x00000000a5080000)
 Metaspace       used 55988K, capacity 58374K, committed 58496K, reserved 1099776K
  class space    used 7680K, capacity 8299K, committed 8320K, reserved 1048576K
}
Event: 22,142 GC heap before
{Heap before GC invocations=16 (full 2):
 PSYoungGen      total 152576K, used 16783K [0x00000000e0000000, 0x00000000ecd80000, 0x0000000100000000)
  eden space 134144K, 1% used [0x00000000e0000000,0x00000000e028e770,0x00000000e8300000)
  from space 18432K, 76% used [0x00000000e8300000,0x00000000e90d5700,0x00000000e9500000)
  to   space 19456K, 0% used [0x00000000eba80000,0x00000000eba80000,0x00000000ecd80000)
 ParOldGen       total 82432K, used 39837K [0x00000000a0000000, 0x00000000a5080000, 0x00000000e0000000)
  object space 82432K, 48% used [0x00000000a0000000,0x00000000a26e75e0,0x00000000a5080000)
 Metaspace       used 56533K, capacity 58854K, committed 59028K, reserved 1099776K
  class space    used 7727K, capacity 8331K, committed 8448K, reserved 1048576K
Event: 22,176 GC heap after
Heap after GC invocations=16 (full 2):
 PSYoungGen      total 189952K, used 13860K [0x00000000e0000000, 0x00000000ee800000, 0x0000000100000000)
  eden space 170496K, 0% used [0x00000000e0000000,0x00000000e0000000,0x00000000ea680000)
  from space 19456K, 71% used [0x00000000eba80000,0x00000000ec8090d8,0x00000000ecd80000)
  to   space 20480K, 0% used [0x00000000ea680000,0x00000000ea680000,0x00000000eba80000)
 ParOldGen       total 82432K, used 39845K [0x00000000a0000000, 0x00000000a5080000, 0x00000000e0000000)
  object space 82432K, 48% used [0x00000000a0000000,0x00000000a26e95e0,0x00000000a5080000)
 Metaspace       used 56533K, capacity 58854K, committed 59028K, reserved 1099776K
  class space    used 7727K, capacity 8331K, committed 8448K, reserved 1048576K
}
Event: 22,177 GC heap before
{Heap before GC invocations=17 (full 3):
 PSYoungGen      total 189952K, used 13860K [0x00000000e0000000, 0x00000000ee800000, 0x0000000100000000)
  eden space 170496K, 0% used [0x00000000e0000000,0x00000000e0000000,0x00000000ea680000)
  from space 19456K, 71% used [0x00000000eba80000,0x00000000ec8090d8,0x00000000ecd80000)
  to   space 20480K, 0% used [0x00000000ea680000,0x00000000ea680000,0x00000000eba80000)
 ParOldGen       total 82432K, used 39845K [0x00000000a0000000, 0x00000000a5080000, 0x00000000e0000000)
  object space 82432K, 48% used [0x00000000a0000000,0x00000000a26e95e0,0x00000000a5080000)
 Metaspace       used 56533K, capacity 58854K, committed 59028K, reserved 1099776K
  class space    used 7727K, capacity 8331K, committed 8448K, reserved 1048576K
Event: 22,612 GC heap after
Heap after GC invocations=17 (full 3):
 PSYoungGen      total 189952K, used 0K [0x00000000e0000000, 0x00000000ee800000, 0x0000000100000000)
  eden space 170496K, 0% used [0x00000000e0000000,0x00000000e0000000,0x00000000ea680000)
  from space 19456K, 0% used [0x00000000eba80000,0x00000000eba80000,0x00000000ecd80000)
  to   space 20480K, 0% used [0x00000000ea680000,0x00000000ea680000,0x00000000eba80000)
 ParOldGen       total 128512K, used 45583K [0x00000000a0000000, 0x00000000a7d80000, 0x00000000e0000000)
  object space 128512K, 35% used [0x00000000a0000000,0x00000000a2c83ee8,0x00000000a7d80000)
 Metaspace       used 56533K, capacity 58854K, committed 59028K, reserved 1099776K
  class space    used 7727K, capacity 8331K, committed 8448K, reserved 1048576K
}
Event: 30,778 GC heap before
{Heap before GC invocations=18 (full 3):
 PSYoungGen      total 189952K, used 170496K [0x00000000e0000000, 0x00000000ee800000, 0x0000000100000000)
  eden space 170496K, 100% used [0x00000000e0000000,0x00000000ea680000,0x00000000ea680000)
  from space 19456K, 0% used [0x00000000eba80000,0x00000000eba80000,0x00000000ecd80000)
  to   space 20480K, 0% used [0x00000000ea680000,0x00000000ea680000,0x00000000eba80000)
 ParOldGen       total 128512K, used 45583K [0x00000000a0000000, 0x00000000a7d80000, 0x00000000e0000000)
  object space 128512K, 35% used [0x00000000a0000000,0x00000000a2c83ee8,0x00000000a7d80000)
 Metaspace       used 62203K, capacity 65042K, committed 65152K, reserved 1105920K
  class space    used 8342K, capacity 9057K, committed 9088K, reserved 1048576K
Event: 30,831 GC heap after
Heap after GC invocations=18 (full 3):
 PSYoungGen      total 190976K, used 10989K [0x00000000e0000000, 0x00000000f0f00000, 0x0000000100000000)
  eden space 170496K, 0% used [0x00000000e0000000,0x00000000e0000000,0x00000000ea680000)
  from space 20480K, 53% used [0x00000000ea680000,0x00000000eb13b4d0,0x00000000eba80000)
  to   space 19456K, 0% used [0x00000000efc00000,0x00000000efc00000,0x00000000f0f00000)
 ParOldGen       total 128512K, used 45591K [0x00000000a0000000, 0x00000000a7d80000, 0x00000000e0000000)
  object space 128512K, 35% used [0x00000000a0000000,0x00000000a2c85ee8,0x00000000a7d80000)
 Metaspace       used 62203K, capacity 65042K, committed 65152K, reserved 1105920K
  class space    used 8342K, capacity 9057K, committed 9088K, reserved 1048576K
}

